2016/09/29 12:36:42 INFO  - jmeter.util.JMeterUtils: Setting Locale to en_US 
2016/09/29 12:36:43 INFO  - jmeter.JMeter: Loading user properties from: D:\Merrill tools\apache-jmeter-3.0\apache-jmeter-3.0\bin\user.properties 
2016/09/29 12:36:43 INFO  - jmeter.JMeter: Loading system properties from: D:\Merrill tools\apache-jmeter-3.0\apache-jmeter-3.0\bin\system.properties 
2016/09/29 12:36:43 INFO  - jmeter.JMeter: Copyright (c) 1998-2016 The Apache Software Foundation 
2016/09/29 12:36:43 INFO  - jmeter.JMeter: Version 3.0 r1743807 
2016/09/29 12:36:43 INFO  - jmeter.JMeter: java.version=1.8.0_102 
2016/09/29 12:36:43 INFO  - jmeter.JMeter: java.vm.name=Java HotSpot(TM) 64-Bit Server VM 
2016/09/29 12:36:43 INFO  - jmeter.JMeter: os.name=Windows 7 
2016/09/29 12:36:43 INFO  - jmeter.JMeter: os.arch=amd64 
2016/09/29 12:36:43 INFO  - jmeter.JMeter: os.version=6.1 
2016/09/29 12:36:43 INFO  - jmeter.JMeter: file.encoding=Cp1252 
2016/09/29 12:36:43 INFO  - jmeter.JMeter: Max memory     =523763712 
2016/09/29 12:36:43 INFO  - jmeter.JMeter: Available Processors =4 
2016/09/29 12:36:43 INFO  - jmeter.JMeter: Default Locale=English (United States) 
2016/09/29 12:36:43 INFO  - jmeter.JMeter: JMeter  Locale=English (United States) 
2016/09/29 12:36:43 INFO  - jmeter.JMeter: JMeterHome=D:\Merrill tools\apache-jmeter-3.0\apache-jmeter-3.0 
2016/09/29 12:36:43 INFO  - jmeter.JMeter: user.dir  =D:\Merrill tools\apache-jmeter-3.0\apache-jmeter-3.0\bin 
2016/09/29 12:36:43 INFO  - jmeter.JMeter: PWD       =D:\Merrill tools\apache-jmeter-3.0\apache-jmeter-3.0\bin 
2016/09/29 12:36:43 INFO  - jmeter.JMeter: IP: 172.16.24.25 Name: DEL1-DHP-28321 FullName: DEL1-DHP-28321.synapse.com 
2016/09/29 12:36:44 INFO  - jmeter.engine.RemoteJMeterEngineImpl: Starting backing engine on 1099 
2016/09/29 12:36:44 INFO  - jmeter.engine.RemoteJMeterEngineImpl: System property 'java.rmi.server.hostname' is not defined, using localHost address 
2016/09/29 12:36:44 INFO  - jmeter.engine.RemoteJMeterEngineImpl: Local IP address=172.16.24.25 
2016/09/29 12:36:44 INFO  - jmeter.engine.RemoteJMeterEngineImpl: IP address is a site-local address; this may cause problems with remote access.
	Can be overridden by defining the system property 'java.rmi.server.hostname' - see jmeter-server script file 
2016/09/29 12:36:44 INFO  - jmeter.engine.RemoteJMeterEngineImpl: Creating RMI registry (server.rmi.create=true) 
2016/09/29 12:36:44 INFO  - jmeter.engine.RemoteJMeterEngineImpl: Bound to registry on port 1099 
